<?xml version="1.0" encoding="UTF-8"?>
<testng-results ignored="0" total="1" passed="1" failed="0" skipped="0">
  <reporter-output>
  </reporter-output>
  <suite started-at="2024-07-16T05:44:55 PDT" name="Default suite" finished-at="2024-07-16T05:44:55 PDT" duration-ms="86">
    <groups>
    </groups>
    <test started-at="2024-07-16T05:44:55 PDT" name="Default test" finished-at="2024-07-16T05:44:55 PDT" duration-ms="86">
      <class name="testNGPractice.firsttestng">
        <test-method is-config="true" signature="beforeSuite()[pri:0, instance:testNGPractice.firsttestng@71238fc2]" started-at="2024-07-16T05:44:55 PDT" name="beforeSuite" finished-at="2024-07-16T05:44:55 PDT" duration-ms="13" status="PASS">
          <reporter-output>
          </reporter-output>
        </test-method> <!-- beforeSuite -->
        <test-method is-config="true" signature="beforeTest()[pri:0, instance:testNGPractice.firsttestng@71238fc2]" started-at="2024-07-16T05:44:55 PDT" name="beforeTest" finished-at="2024-07-16T05:44:55 PDT" duration-ms="2" status="PASS">
          <reporter-output>
          </reporter-output>
        </test-method> <!-- beforeTest -->
        <test-method is-config="true" signature="beforeClass()[pri:0, instance:testNGPractice.firsttestng@71238fc2]" started-at="2024-07-16T05:44:55 PDT" name="beforeClass" finished-at="2024-07-16T05:44:55 PDT" duration-ms="0" status="PASS">
          <reporter-output>
          </reporter-output>
        </test-method> <!-- beforeClass -->
        <test-method is-config="true" signature="beforeMethod()[pri:0, instance:testNGPractice.firsttestng@71238fc2]" started-at="2024-07-16T05:44:55 PDT" name="beforeMethod" finished-at="2024-07-16T05:44:55 PDT" duration-ms="0" status="PASS">
          <reporter-output>
          </reporter-output>
        </test-method> <!-- beforeMethod -->
        <test-method signature="f()[pri:0, instance:testNGPractice.firsttestng@71238fc2]" started-at="2024-07-16T05:44:55 PDT" name="f" finished-at="2024-07-16T05:44:55 PDT" duration-ms="8" status="PASS">
          <reporter-output>
          </reporter-output>
        </test-method> <!-- f -->
        <test-method is-config="true" signature="afterMethod()[pri:0, instance:testNGPractice.firsttestng@71238fc2]" started-at="2024-07-16T05:44:55 PDT" name="afterMethod" finished-at="2024-07-16T05:44:55 PDT" duration-ms="1" status="PASS">
          <reporter-output>
          </reporter-output>
        </test-method> <!-- afterMethod -->
        <test-method is-config="true" signature="afterClass()[pri:0, instance:testNGPractice.firsttestng@71238fc2]" started-at="2024-07-16T05:44:55 PDT" name="afterClass" finished-at="2024-07-16T05:44:55 PDT" duration-ms="0" status="PASS">
          <reporter-output>
          </reporter-output>
        </test-method> <!-- afterClass -->
        <test-method is-config="true" signature="afterTest()[pri:0, instance:testNGPractice.firsttestng@71238fc2]" started-at="2024-07-16T05:44:55 PDT" name="afterTest" finished-at="2024-07-16T05:44:55 PDT" duration-ms="0" status="PASS">
          <reporter-output>
          </reporter-output>
        </test-method> <!-- afterTest -->
        <test-method is-config="true" signature="afterSuite()[pri:0, instance:testNGPractice.firsttestng@71238fc2]" started-at="2024-07-16T05:44:56 PDT" name="afterSuite" finished-at="2024-07-16T05:44:56 PDT" duration-ms="1" status="PASS">
          <reporter-output>
          </reporter-output>
        </test-method> <!-- afterSuite -->
      </class> <!-- testNGPractice.firsttestng -->
    </test> <!-- Default test -->
  </suite> <!-- Default suite -->
</testng-results>
